[debug] [2024-10-18T08:47:00.170Z] ----------------------------------------------------------------------
[debug] [2024-10-18T08:47:00.172Z] Command:       /opt/homebrew/Cellar/node/22.9.0_1/bin/node /opt/homebrew/bin/firebase init
[debug] [2024-10-18T08:47:00.172Z] CLI Version:   13.22.1
[debug] [2024-10-18T08:47:00.172Z] Platform:      darwin
[debug] [2024-10-18T08:47:00.172Z] Node Version:  v22.9.0
[debug] [2024-10-18T08:47:00.172Z] Time:          Fri Oct 18 2024 16:47:00 GMT+0800 (Philippine Standard Time)
[debug] [2024-10-18T08:47:00.172Z] ----------------------------------------------------------------------
[debug] 
[debug] [2024-10-18T08:47:00.204Z] > command requires scopes: ["email","openid","https://www.googleapis.com/auth/cloudplatformprojects.readonly","https://www.googleapis.com/auth/firebase","https://www.googleapis.com/auth/cloud-platform"]
[debug] [2024-10-18T08:47:00.204Z] > authorizing via signed-in user (jrchxjn@gmail.com)
[info] 
     ######## #### ########  ######## ########     ###     ######  ########
     ##        ##  ##     ## ##       ##     ##  ##   ##  ##       ##
     ######    ##  ########  ######   ########  #########  ######  ######
     ##        ##  ##    ##  ##       ##     ## ##     ##       ## ##
     ##       #### ##     ## ######## ########  ##     ##  ######  ########

You're about to initialize a Firebase project in this directory:

  /Users/jerichofeolino/Downloads/vendz

Before we get started, keep in mind:

  * You are initializing within an existing Firebase project directory

[info] 
=== Project Setup
[info] 
[info] First, let's associate this project directory with a Firebase project.
[info] You can create multiple project aliases by running firebase use --add, 
[info] but for now we'll just set up a default project.
[info] 
[debug] [2024-10-18T08:49:05.896Z] Using project from CLI flag: dbvending-1b336
[debug] [2024-10-18T08:49:05.897Z] Checked if tokens are valid: false, expires at: 1729236254825
[debug] [2024-10-18T08:49:05.897Z] Checked if tokens are valid: false, expires at: 1729236254825
[debug] [2024-10-18T08:49:05.898Z] > refreshing access token with scopes: []
[debug] [2024-10-18T08:49:05.900Z] >>> [apiv2][query] POST https://www.googleapis.com/oauth2/v3/token [none]
[debug] [2024-10-18T08:49:05.900Z] >>> [apiv2][body] POST https://www.googleapis.com/oauth2/v3/token [omitted]
[debug] [2024-10-18T08:49:06.051Z] <<< [apiv2][status] POST https://www.googleapis.com/oauth2/v3/token 200
[debug] [2024-10-18T08:49:06.051Z] <<< [apiv2][body] POST https://www.googleapis.com/oauth2/v3/token [omitted]
[debug] [2024-10-18T08:49:06.064Z] >>> [apiv2][query] GET https://firebase.googleapis.com/v1beta1/projects/dbvending-1b336 [none]
[debug] [2024-10-18T08:49:06.372Z] <<< [apiv2][status] GET https://firebase.googleapis.com/v1beta1/projects/dbvending-1b336 200
[debug] [2024-10-18T08:49:06.372Z] <<< [apiv2][body] GET https://firebase.googleapis.com/v1beta1/projects/dbvending-1b336 {"projectId":"dbvending-1b336","projectNumber":"978814549497","displayName":"dbvending","name":"projects/dbvending-1b336","resources":{"hostingSite":"dbvending-1b336","realtimeDatabaseInstance":"dbvending-1b336-default-rtdb"},"state":"ACTIVE","etag":"1_3a0ed977-0d1d-46cd-89b9-84ce70436a5e"}
[info] i  Using project dbvending-1b336 (dbvending) 
[info] 
=== Hosting Setup
[debug] [2024-10-18T08:49:06.384Z] Checked if tokens are valid: true, expires at: 1729244945051
[debug] [2024-10-18T08:49:06.384Z] Checked if tokens are valid: true, expires at: 1729244945051
[debug] [2024-10-18T08:49:06.384Z] >>> [apiv2][query] GET https://firebase.googleapis.com/v1beta1/projects/dbvending-1b336 [none]
[debug] [2024-10-18T08:49:06.596Z] <<< [apiv2][status] GET https://firebase.googleapis.com/v1beta1/projects/dbvending-1b336 200
[debug] [2024-10-18T08:49:06.596Z] <<< [apiv2][body] GET https://firebase.googleapis.com/v1beta1/projects/dbvending-1b336 {"projectId":"dbvending-1b336","projectNumber":"978814549497","displayName":"dbvending","name":"projects/dbvending-1b336","resources":{"hostingSite":"dbvending-1b336","realtimeDatabaseInstance":"dbvending-1b336-default-rtdb"},"state":"ACTIVE","etag":"1_3a0ed977-0d1d-46cd-89b9-84ce70436a5e"}
[info] 
[info] Your public directory is the folder (relative to your project directory) that
[info] will contain Hosting assets to be uploaded with firebase deploy. If you
[info] have a build process for your assets, use your build's output directory.
[info] 
[info] ✔  Wrote public/404.html 
[debug] [2024-10-18T08:49:37.665Z] >>> [apiv2][query] GET https://www.gstatic.com/firebasejs/releases.json [none]
[debug] [2024-10-18T08:49:37.735Z] <<< [apiv2][status] GET https://www.gstatic.com/firebasejs/releases.json 200
[debug] [2024-10-18T08:49:37.735Z] <<< [apiv2][body] GET https://www.gstatic.com/firebasejs/releases.json {"current":{"version":"10.14.1","browserURL":"https://www.gstatic.com/firebasejs/10.14.1/firebase.js","packageURL":"https://www.gstatic.com/firebasejs/10.14.1/firebase.tgz"},"live":{"version":"10.14","browserURL":"https://www.gstatic.com/firebasejs/live/10.14/firebase.js","packageURL":"https://www.gstatic.com/firebasejs/live/10.14/firebase.tgz"},"components":{"analytics":"https://www.gstatic.com/firebasejs/10.14.1/firebase-analytics.js","app":"https://www.gstatic.com/firebasejs/10.14.1/firebase-app.js","app-check":"https://www.gstatic.com/firebasejs/10.14.1/firebase-app-check.js","auth":"https://www.gstatic.com/firebasejs/10.14.1/firebase-auth.js","auth/cordova":"https://www.gstatic.com/firebasejs/10.14.1/firebase-auth/cordova.js","auth/web-extension":"https://www.gstatic.com/firebasejs/10.14.1/firebase-auth/web-extension.js","functions":"https://www.gstatic.com/firebasejs/10.14.1/firebase-functions.js","firestore":"https://www.gstatic.com/firebasejs/10.14.1/firebase-firestore.js","firestore/lite":"https://www.gstatic.com/firebasejs/10.14.1/firebase-firestore/lite.js","installations":"https://www.gstatic.com/firebasejs/10.14.1/firebase-installations.js","storage":"https://www.gstatic.com/firebasejs/10.14.1/firebase-storage.js","performance":"https://www.gstatic.com/firebasejs/10.14.1/firebase-performance.js","remote-config":"https://www.gstatic.com/firebasejs/10.14.1/firebase-remote-config.js","messaging":"https://www.gstatic.com/firebasejs/10.14.1/firebase-messaging.js","messaging/sw":"https://www.gstatic.com/firebasejs/10.14.1/firebase-messaging/sw.js","database":"https://www.gstatic.com/firebasejs/10.14.1/firebase-database.js","data-connect":"https://www.gstatic.com/firebasejs/10.14.1/firebase-data-connect.js","vertexai-preview":"https://www.gstatic.com/firebasejs/10.14.1/firebase-vertexai-preview.js","firestore.memory":"https://www.gstatic.com/firebasejs/10.14.1/firebase-firestore.memory.js"}}
[info] ✔  Wrote public/index.html 
[info] 
[info] i  Didn't detect a .git folder. Assuming /Users/jerichofeolino/Downloads/vendz is the project root. 
[info] i  Authorizing with GitHub to upload your service account to a GitHub repository's secrets store. 
[info] 
[info] Visit this URL on this device to log in:
[info] https://github.com/login/oauth/authorize?client_id=89cf50f02ac6aaed3484&state=197956611&redirect_uri=http%3A%2F%2Flocalhost%3A9005&scope=read%3Auser%20repo%20public_repo
[info] 
[info] Waiting for authentication...
