[22-Oct-2024 07:24:07 UTC] PHP Warning:  Undefined array key "u_role" in /Users/jerichofeolino/Downloads/vendz/user.php on line 632
[22-Oct-2024 07:24:07 UTC] PHP Warning:  Undefined array key "u_role" in /Users/jerichofeolino/Downloads/vendz/user.php on line 638
[22-Oct-2024 07:24:07 UTC] PHP Warning:  Undefined array key "u_role" in /Users/jerichofeolino/Downloads/vendz/user.php on line 644
[22-Oct-2024 07:24:07 UTC] PHP Warning:  Undefined array key "u_role" in /Users/jerichofeolino/Downloads/vendz/user.php on line 645
[22-Oct-2024 07:24:45 UTC] PHP Warning:  Undefined array key "u_role" in /Users/jerichofeolino/Downloads/vendz/user.php on line 632
[22-Oct-2024 07:24:45 UTC] PHP Warning:  Undefined array key "u_role" in /Users/jerichofeolino/Downloads/vendz/user.php on line 638
[22-Oct-2024 07:24:45 UTC] PHP Warning:  Undefined array key "u_role" in /Users/jerichofeolino/Downloads/vendz/user.php on line 644
[22-Oct-2024 07:24:45 UTC] PHP Warning:  Undefined array key "u_role" in /Users/jerichofeolino/Downloads/vendz/user.php on line 645
[22-Oct-2024 07:26:45 UTC] PHP Warning:  Undefined array key "u_role" in /Users/jerichofeolino/Downloads/vendz/user.php on line 632
[22-Oct-2024 07:26:45 UTC] PHP Warning:  Undefined array key "u_role" in /Users/jerichofeolino/Downloads/vendz/user.php on line 638
[22-Oct-2024 07:26:45 UTC] PHP Warning:  Undefined array key "u_role" in /Users/jerichofeolino/Downloads/vendz/user.php on line 644
[22-Oct-2024 07:26:45 UTC] PHP Warning:  Undefined array key "u_role" in /Users/jerichofeolino/Downloads/vendz/user.php on line 645
[22-Oct-2024 07:32:05 UTC] PHP Warning:  Undefined variable $userRole in /Users/jerichofeolino/Downloads/vendz/user.php on line 555
[22-Oct-2024 07:32:05 UTC] PHP Warning:  Undefined array key "u_role" in /Users/jerichofeolino/Downloads/vendz/user.php on line 633
[22-Oct-2024 07:32:05 UTC] PHP Warning:  Undefined array key "u_role" in /Users/jerichofeolino/Downloads/vendz/user.php on line 639
[22-Oct-2024 07:32:05 UTC] PHP Warning:  Undefined array key "u_role" in /Users/jerichofeolino/Downloads/vendz/user.php on line 645
[22-Oct-2024 07:32:05 UTC] PHP Warning:  Undefined array key "u_role" in /Users/jerichofeolino/Downloads/vendz/user.php on line 646
[22-Oct-2024 07:32:06 UTC] PHP Warning:  Undefined variable $userRole in /Users/jerichofeolino/Downloads/vendz/act.php on line 555
[22-Oct-2024 07:32:10 UTC] PHP Warning:  Undefined variable $userRole in /Users/jerichofeolino/Downloads/vendz/user.php on line 555
[22-Oct-2024 07:32:10 UTC] PHP Warning:  Undefined variable $userRole in /Users/jerichofeolino/Downloads/vendz/act.php on line 555
[22-Oct-2024 07:46:52 UTC] PHP Warning:  Undefined array key "u_role" in /Users/jerichofeolino/Downloads/vendz/user.php on line 632
[22-Oct-2024 07:46:52 UTC] PHP Warning:  Undefined array key "u_role" in /Users/jerichofeolino/Downloads/vendz/user.php on line 638
[22-Oct-2024 07:46:52 UTC] PHP Warning:  Undefined array key "u_role" in /Users/jerichofeolino/Downloads/vendz/user.php on line 644
[22-Oct-2024 07:46:52 UTC] PHP Warning:  Undefined array key "u_role" in /Users/jerichofeolino/Downloads/vendz/user.php on line 645
[22-Oct-2024 07:50:56 UTC] PHP Warning:  Undefined array key "u_role" in /Users/jerichofeolino/Downloads/vendz/user.php on line 632
[22-Oct-2024 07:50:56 UTC] PHP Warning:  Undefined array key "u_role" in /Users/jerichofeolino/Downloads/vendz/user.php on line 638
[22-Oct-2024 07:50:56 UTC] PHP Warning:  Undefined array key "u_role" in /Users/jerichofeolino/Downloads/vendz/user.php on line 644
[22-Oct-2024 07:50:56 UTC] PHP Warning:  Undefined array key "u_role" in /Users/jerichofeolino/Downloads/vendz/user.php on line 645
[22-Oct-2024 07:51:34 UTC] PHP Warning:  Undefined array key "u_role" in /Users/jerichofeolino/Downloads/vendz/user.php on line 632
[22-Oct-2024 07:51:34 UTC] PHP Warning:  Undefined array key "u_role" in /Users/jerichofeolino/Downloads/vendz/user.php on line 638
[22-Oct-2024 07:51:34 UTC] PHP Warning:  Undefined array key "u_role" in /Users/jerichofeolino/Downloads/vendz/user.php on line 644
[22-Oct-2024 07:51:34 UTC] PHP Warning:  Undefined array key "u_role" in /Users/jerichofeolino/Downloads/vendz/user.php on line 645
[22-Oct-2024 07:51:43 UTC] PHP Warning:  Undefined array key "u_role" in /Users/jerichofeolino/Downloads/vendz/user.php on line 632
[22-Oct-2024 07:51:43 UTC] PHP Warning:  Undefined array key "u_role" in /Users/jerichofeolino/Downloads/vendz/user.php on line 638
[22-Oct-2024 07:51:43 UTC] PHP Warning:  Undefined array key "u_role" in /Users/jerichofeolino/Downloads/vendz/user.php on line 644
[22-Oct-2024 07:51:43 UTC] PHP Warning:  Undefined array key "u_role" in /Users/jerichofeolino/Downloads/vendz/user.php on line 645
[22-Oct-2024 07:52:10 UTC] PHP Warning:  Undefined array key "u_role" in /Users/jerichofeolino/Downloads/vendz/user.php on line 632
[22-Oct-2024 07:52:10 UTC] PHP Warning:  Undefined array key "u_role" in /Users/jerichofeolino/Downloads/vendz/user.php on line 638
[22-Oct-2024 07:52:10 UTC] PHP Warning:  Undefined array key "u_role" in /Users/jerichofeolino/Downloads/vendz/user.php on line 644
[22-Oct-2024 07:52:10 UTC] PHP Warning:  Undefined array key "u_role" in /Users/jerichofeolino/Downloads/vendz/user.php on line 645
[22-Oct-2024 07:55:17 UTC] PHP Warning:  Undefined array key "u_role" in /Users/jerichofeolino/Downloads/vendz/user.php on line 632
[22-Oct-2024 07:55:17 UTC] PHP Warning:  Undefined array key "u_role" in /Users/jerichofeolino/Downloads/vendz/user.php on line 638
[22-Oct-2024 07:55:17 UTC] PHP Warning:  Undefined array key "u_role" in /Users/jerichofeolino/Downloads/vendz/user.php on line 644
[22-Oct-2024 07:55:17 UTC] PHP Warning:  Undefined array key "u_role" in /Users/jerichofeolino/Downloads/vendz/user.php on line 645
[22-Oct-2024 07:55:55 UTC] PHP Warning:  Undefined array key "u_role" in /Users/jerichofeolino/Downloads/vendz/user.php on line 632
[22-Oct-2024 07:55:55 UTC] PHP Warning:  Undefined array key "u_role" in /Users/jerichofeolino/Downloads/vendz/user.php on line 638
[22-Oct-2024 07:55:55 UTC] PHP Warning:  Undefined array key "u_role" in /Users/jerichofeolino/Downloads/vendz/user.php on line 644
[22-Oct-2024 07:55:55 UTC] PHP Warning:  Undefined array key "u_role" in /Users/jerichofeolino/Downloads/vendz/user.php on line 645
[22-Oct-2024 07:56:01 UTC] Attempting to delete user with key: gpUks8Y4UdSBg7mqAY650IgnxsU2
[22-Oct-2024 07:56:01 UTC] Number of users fetched: 3
[22-Oct-2024 07:56:01 UTC] PHP Warning:  Undefined array key "u_role" in /Users/jerichofeolino/Downloads/vendz/user.php on line 117
[22-Oct-2024 07:56:01 UTC] Number of admins: 2
[22-Oct-2024 07:56:01 UTC] PHP Warning:  Undefined array key "u_role" in /Users/jerichofeolino/Downloads/vendz/user.php on line 125
[22-Oct-2024 07:56:12 UTC] Attempting to delete user with key: -O9ilGWGcsqznt-Lp71D
[22-Oct-2024 07:56:12 UTC] Number of users fetched: 2
[22-Oct-2024 07:56:12 UTC] Number of admins: 2
[22-Oct-2024 10:17:26 UTC] PHP Fatal error:  Uncaught Error: Call to undefined function formatTimestamp() in /Users/jerichofeolino/Downloads/vendz/act.php:597
Stack trace:
#0 {main}
  thrown in /Users/jerichofeolino/Downloads/vendz/act.php on line 597
[22-Oct-2024 10:35:23 UTC] PHP Warning:  Undefined variable $userRole in /Users/jerichofeolino/Downloads/vendz/act.php on line 600
[22-Oct-2024 10:35:23 UTC] PHP Warning:  Undefined variable $userRole in /Users/jerichofeolino/Downloads/vendz/act.php on line 600
[22-Oct-2024 12:21:29 UTC] Attempting to delete user with key: -O9o9FEAINj9Zig6J_i-
[22-Oct-2024 12:21:29 UTC] Number of users fetched: 2
[22-Oct-2024 12:21:29 UTC] Number of admins: 2
[22-Oct-2024 12:24:05 UTC] Attempting to delete user with key: -O9oAGOLeJgfZuw8Wx9M
[22-Oct-2024 12:24:05 UTC] Number of users fetched: 2
[22-Oct-2024 12:24:05 UTC] Number of admins: 2
[22-Oct-2024 12:25:28 UTC] Attempting to delete user with key: -O9oB0e4cq1j2i4V7fp4
[22-Oct-2024 12:25:29 UTC] Number of users fetched: 2
[22-Oct-2024 12:25:29 UTC] Number of admins: 1
[22-Oct-2024 12:35:06 UTC] Attempting to delete user with key: -O9oCx8d3NHuctUkAFJX
[22-Oct-2024 12:35:06 UTC] Number of users fetched: 2
[22-Oct-2024 12:35:06 UTC] Number of admins: 2
[22-Oct-2024 12:38:23 UTC] PHP Warning:  Undefined variable $userRole in /Users/jerichofeolino/Downloads/vendz/act.php on line 562
[22-Oct-2024 12:38:27 UTC] PHP Warning:  Undefined variable $userRole in /Users/jerichofeolino/Downloads/vendz/user.php on line 570
[22-Oct-2024 12:38:29 UTC] PHP Warning:  Undefined variable $userRole in /Users/jerichofeolino/Downloads/vendz/act.php on line 562
[22-Oct-2024 12:39:53 UTC] PHP Warning:  Undefined variable $userRole in /Users/jerichofeolino/Downloads/vendz/act.php on line 562
[22-Oct-2024 12:40:01 UTC] PHP Warning:  Undefined variable $userRole in /Users/jerichofeolino/Downloads/vendz/act.php on line 562
[22-Oct-2024 12:43:38 UTC] PHP Warning:  Undefined variable $userRole in /Users/jerichofeolino/Downloads/vendz/act.php on line 592
[22-Oct-2024 12:44:00 UTC] PHP Warning:  Undefined variable $userRole in /Users/jerichofeolino/Downloads/vendz/act.php on line 592
[22-Oct-2024 12:44:03 UTC] PHP Warning:  Undefined variable $userRole in /Users/jerichofeolino/Downloads/vendz/act.php on line 592
[22-Oct-2024 12:51:55 UTC] PHP Warning:  Undefined variable $userRole in /Users/jerichofeolino/Downloads/vendz/act.php on line 571
[22-Oct-2024 12:52:27 UTC] PHP Warning:  Undefined variable $userRole in /Users/jerichofeolino/Downloads/vendz/act.php on line 571
[22-Oct-2024 12:54:45 UTC] PHP Warning:  Undefined variable $userRole in /Users/jerichofeolino/Downloads/vendz/act.php on line 571
[22-Oct-2024 12:57:08 UTC] PHP Warning:  Undefined variable $userRole in /Users/jerichofeolino/Downloads/vendz/act.php on line 571
[22-Oct-2024 12:57:24 UTC] PHP Warning:  Undefined variable $userRole in /Users/jerichofeolino/Downloads/vendz/act.php on line 562
[22-Oct-2024 13:00:51 UTC] PHP Warning:  Undefined variable $userRole in /Users/jerichofeolino/Downloads/vendz/act.php on line 562
[22-Oct-2024 13:03:18 UTC] PHP Warning:  Undefined variable $userRole in /Users/jerichofeolino/Downloads/vendz/act.php on line 562
[22-Oct-2024 13:06:19 UTC] PHP Warning:  Undefined variable $userRole in /Users/jerichofeolino/Downloads/vendz/act.php on line 562
[22-Oct-2024 13:06:30 UTC] PHP Warning:  Undefined variable $userRole in /Users/jerichofeolino/Downloads/vendz/act.php on line 562
[22-Oct-2024 13:11:06 UTC] PHP Warning:  Undefined variable $userRole in /Users/jerichofeolino/Downloads/vendz/act.php on line 562
[23-Oct-2024 02:53:33 UTC] PHP Warning:  Undefined variable $userRole in /Users/jerichofeolino/Downloads/vendz/act.php on line 562
[23-Oct-2024 02:53:38 UTC] PHP Warning:  Undefined variable $userRole in /Users/jerichofeolino/Downloads/vendz/user.php on line 570
[23-Oct-2024 02:53:40 UTC] PHP Warning:  Undefined variable $userRole in /Users/jerichofeolino/Downloads/vendz/act.php on line 562
[23-Oct-2024 02:58:30 UTC] PHP Warning:  Undefined variable $userRole in /Users/jerichofeolino/Downloads/vendz/act.php on line 596
[23-Oct-2024 02:59:15 UTC] PHP Warning:  Undefined variable $userRole in /Users/jerichofeolino/Downloads/vendz/act.php on line 596
[23-Oct-2024 03:01:07 UTC] PHP Warning:  Undefined variable $userRole in /Users/jerichofeolino/Downloads/vendz/act.php on line 596
[23-Oct-2024 03:04:56 UTC] PHP Warning:  Undefined variable $userRole in /Users/jerichofeolino/Downloads/vendz/act.php on line 596
[23-Oct-2024 03:05:43 UTC] PHP Warning:  Undefined variable $userRole in /Users/jerichofeolino/Downloads/vendz/act.php on line 596
[23-Oct-2024 03:15:46 UTC] PHP Warning:  Undefined variable $userRole in /Users/jerichofeolino/Downloads/vendz/act.php on line 596
[23-Oct-2024 03:16:12 UTC] PHP Warning:  Undefined variable $userRole in /Users/jerichofeolino/Downloads/vendz/act.php on line 596
[23-Oct-2024 03:16:15 UTC] PHP Warning:  Undefined variable $userRole in /Users/jerichofeolino/Downloads/vendz/user.php on line 570
[23-Oct-2024 03:39:54 UTC] PHP Warning:  Undefined variable $userRole in /Users/jerichofeolino/Downloads/vendz/act.php on line 596
[23-Oct-2024 03:40:28 UTC] PHP Warning:  Undefined variable $userRole in /Users/jerichofeolino/Downloads/vendz/user.php on line 570
[23-Oct-2024 03:40:30 UTC] PHP Warning:  Undefined variable $userRole in /Users/jerichofeolino/Downloads/vendz/act.php on line 596
[23-Oct-2024 03:56:57 UTC] PHP Warning:  Undefined variable $userRole in /Users/jerichofeolino/Downloads/vendz/act.php on line 596
[23-Oct-2024 04:06:24 UTC] PHP Warning:  Undefined variable $userRole in /Users/jerichofeolino/Downloads/vendz/act.php on line 596
[23-Oct-2024 04:09:12 UTC] PHP Warning:  Undefined variable $userRole in /Users/jerichofeolino/Downloads/vendz/act.php on line 596
[23-Oct-2024 04:22:50 UTC] PHP Warning:  Undefined variable $userRole in /Users/jerichofeolino/Downloads/vendz/act.php on line 596
[23-Oct-2024 04:22:58 UTC] PHP Warning:  Undefined variable $userRole in /Users/jerichofeolino/Downloads/vendz/act.php on line 596
[23-Oct-2024 04:23:42 UTC] PHP Warning:  Undefined variable $userRole in /Users/jerichofeolino/Downloads/vendz/act.php on line 596
[23-Oct-2024 04:23:59 UTC] PHP Warning:  Undefined variable $userRole in /Users/jerichofeolino/Downloads/vendz/user.php on line 570
[23-Oct-2024 04:30:49 UTC] PHP Warning:  Undefined variable $userRole in /Users/jerichofeolino/Downloads/vendz/user.php on line 570
[23-Oct-2024 04:30:50 UTC] PHP Warning:  Undefined variable $userRole in /Users/jerichofeolino/Downloads/vendz/act.php on line 596
[23-Oct-2024 07:30:16 UTC] PHP Warning:  Undefined variable $userRole in /Users/jerichofeolino/Downloads/vendz/act.php on line 596
[23-Oct-2024 07:33:11 UTC] PHP Warning:  Undefined variable $userRole in /Users/jerichofeolino/Downloads/vendz/act.php on line 596
[23-Oct-2024 07:33:15 UTC] PHP Warning:  Undefined variable $userRole in /Users/jerichofeolino/Downloads/vendz/user.php on line 570
[23-Oct-2024 08:25:56 UTC] PHP Warning:  Undefined variable $userRole in /Users/jerichofeolino/Downloads/vendz/act.php on line 596
[23-Oct-2024 08:25:58 UTC] PHP Warning:  Undefined variable $userRole in /Users/jerichofeolino/Downloads/vendz/user.php on line 570
[23-Oct-2024 09:09:38 UTC] PHP Warning:  Undefined variable $userRole in /Users/jerichofeolino/Downloads/vendz/act.php on line 596
[23-Oct-2024 09:13:21 UTC] PHP Warning:  Undefined variable $userRole in /Users/jerichofeolino/Downloads/vendz/act.php on line 596
[23-Oct-2024 09:13:32 UTC] PHP Warning:  Undefined variable $userRole in /Users/jerichofeolino/Downloads/vendz/act.php on line 596
[23-Oct-2024 09:37:50 UTC] PHP Warning:  Undefined variable $userRole in /Users/jerichofeolino/Downloads/vendz/act.php on line 596
[23-Oct-2024 10:17:03 UTC] PHP Warning:  Undefined variable $userRole in /Users/jerichofeolino/Downloads/vendz/act.php on line 596
[23-Oct-2024 10:17:06 UTC] PHP Warning:  Undefined variable $userRole in /Users/jerichofeolino/Downloads/vendz/user.php on line 570
[23-Oct-2024 10:17:08 UTC] PHP Warning:  Undefined variable $userRole in /Users/jerichofeolino/Downloads/vendz/act.php on line 596
[23-Oct-2024 10:17:14 UTC] PHP Warning:  Undefined variable $userRole in /Users/jerichofeolino/Downloads/vendz/act.php on line 596
[23-Oct-2024 10:31:00 UTC] PHP Warning:  Undefined variable $userRole in /Users/jerichofeolino/Downloads/vendz/act.php on line 596
[23-Oct-2024 10:31:04 UTC] PHP Warning:  Undefined variable $userRole in /Users/jerichofeolino/Downloads/vendz/user.php on line 570
[23-Oct-2024 11:56:36 UTC] PHP Warning:  Undefined variable $userRole in /Users/jerichofeolino/Downloads/vendz/act.php on line 596
[23-Oct-2024 11:58:44 UTC] PHP Warning:  Undefined variable $userRole in /Users/jerichofeolino/Downloads/vendz/act.php on line 596
[23-Oct-2024 12:02:06 UTC] PHP Warning:  Undefined variable $userRole in /Users/jerichofeolino/Downloads/vendz/user.php on line 570
[23-Oct-2024 12:04:12 UTC] PHP Warning:  Undefined variable $userRole in /Users/jerichofeolino/Downloads/vendz/user.php on line 570
[23-Oct-2024 12:04:29 UTC] PHP Warning:  Undefined variable $userRole in /Users/jerichofeolino/Downloads/vendz/user.php on line 570
[23-Oct-2024 12:04:37 UTC] PHP Warning:  Undefined variable $userRole in /Users/jerichofeolino/Downloads/vendz/user.php on line 570
[23-Oct-2024 12:05:32 UTC] PHP Warning:  Undefined variable $userRole in /Users/jerichofeolino/Downloads/vendz/act.php on line 596
[23-Oct-2024 12:05:36 UTC] PHP Warning:  Undefined variable $userRole in /Users/jerichofeolino/Downloads/vendz/user.php on line 570
[23-Oct-2024 12:14:15 UTC] PHP Warning:  Undefined variable $userRole in /Users/jerichofeolino/Downloads/vendz/act.php on line 596
[23-Oct-2024 12:14:17 UTC] PHP Warning:  Undefined variable $userRole in /Users/jerichofeolino/Downloads/vendz/user.php on line 570
[23-Oct-2024 12:14:48 UTC] PHP Warning:  Undefined variable $userRole in /Users/jerichofeolino/Downloads/vendz/act.php on line 596
